1676470230333	geckodriver	INFO	Listening on 127.0.0.1:51038
1676470233375	mozrunner::runner	INFO	Running command: "C:\\Program Files\\Mozilla Firefox\\firefox.exe" "--marionette" "--remote-debugging-port" "51039" "--remote-allow-hosts" "localhost" "-no-remote" "-profile" "C:\\Users\\45311\\AppData\\Local\\Temp\\rust_mozprofileAbcPcn"
1676470373002	geckodriver	INFO	Listening on 127.0.0.1:51188
1676470376048	mozrunner::runner	INFO	Running command: "C:\\Program Files\\Mozilla Firefox\\firefox.exe" "--marionette" "--remote-debugging-port" "51189" "--remote-allow-hosts" "localhost" "-no-remote" "-profile" "C:\\Users\\45311\\AppData\\Local\\Temp\\rust_mozprofileMNVK9Z"
console.warn: services.settings: Ignoring preference override of remote settings server
console.warn: services.settings: Allow by setting MOZ_REMOTE_SETTINGS_DEVTOOLS=1 in the environment
1676470376342	Marionette	INFO	Marionette enabled
Dynamically enable window occlusion 0
1676470376346	Marionette	INFO	Listening on port 51199
Read port: 51199
WebDriver BiDi listening on ws://127.0.0.1:51189
1676470376469	RemoteAgent	WARN	TLS certificate errors will be ignored for this session
console.warn: SearchSettings: "get: No settings file exists, new profile?" (new NotFoundError("Could not open the file at C:\\Users\\45311\\AppData\\Local\\Temp\\rust_mozprofileMNVK9Z\\search.json.mozlz4", (void 0)))
DevTools listening on ws://127.0.0.1:51189/devtools/browser/7bee4800-a426-4568-8c0b-d896feff840a
1676470378381	Marionette	INFO	Stopped listening on port 51199
Dynamically enable window occlusion 1
WARNING: A blocker encountered an error while we were waiting.
          Blocker:  Waiting for ping task
          Phase: TelemetryController: Waiting for pending ping activity
          State: (none)
WARNING: Error: Phase "profile-before-change" is finished, it is too late to register completion condition "OS.File: flush I/O queued before profileBeforeChange"
WARNING: addBlocker@resource://gre/modules/AsyncShutdown.sys.mjs:727:15
addBlocker@resource://gre/modules/AsyncShutdown.sys.mjs:523:26
addBlocker@resource://gre/modules/AsyncShutdown.sys.mjs:458:15
setupShutdown@resource://gre/modules/osfile/osfile_async_front.jsm:1548:28
@resource://gre/modules/osfile/osfile_async_front.jsm:1568:16
@resource://gre/modules/osfile.jsm:12:30
@resource://gre/modules/TelemetryStorage.sys.mjs:10:28
_checkPendingPings@resource://gre/modules/TelemetrySend.sys.mjs:863:17
setup@resource://gre/modules/TelemetrySend.sys.mjs:803:18
setup@resource://gre/modules/TelemetrySend.sys.mjs:241:30
setupTelemetry/this._delayedInitTask<@resource://gre/modules/TelemetryControllerParent.sys.mjs:829:36
observe@resource://gre/modules/AsyncShutdown.sys.mjs:576:16

WARNING: A blocker encountered an error while we were waiting.
          Blocker:  Waiting for ping task
          Phase: TelemetryController: Waiting for pending ping activity
          State: (none)
WARNING: Error: Phase "profile-before-change" is finished, it is too late to register completion condition "OS.File: flush I/O queued before profileBeforeChange"
WARNING: addBlocker@resource://gre/modules/AsyncShutdown.sys.mjs:727:15
addBlocker@resource://gre/modules/AsyncShutdown.sys.mjs:523:26
addBlocker@resource://gre/modules/AsyncShutdown.sys.mjs:458:15
setupShutdown@resource://gre/modules/osfile/osfile_async_front.jsm:1548:28
@resource://gre/modules/osfile/osfile_async_front.jsm:1568:16
@resource://gre/modules/osfile.jsm:12:30
@resource://gre/modules/TelemetryStorage.sys.mjs:10:28
_checkPendingPings@resource://gre/modules/TelemetrySend.sys.mjs:863:17
setup@resource://gre/modules/TelemetrySend.sys.mjs:803:18
setup@resource://gre/modules/TelemetrySend.sys.mjs:241:30
setupTelemetry/this._delayedInitTask<@resource://gre/modules/TelemetryControllerParent.sys.mjs:829:36
observe@resource://gre/modules/AsyncShutdown.sys.mjs:576:16

WARNING: A blocker encountered an error while we were waiting.
          Blocker:  Waiting for ping task
          Phase: TelemetryController: Waiting for pending ping activity
          State: (none)
WARNING: Error: Phase "profile-before-change" is finished, it is too late to register completion condition "OS.File: flush I/O queued before profileBeforeChange"
WARNING: addBlocker@resource://gre/modules/AsyncShutdown.sys.mjs:727:15
addBlocker@resource://gre/modules/AsyncShutdown.sys.mjs:523:26
addBlocker@resource://gre/modules/AsyncShutdown.sys.mjs:458:15
setupShutdown@resource://gre/modules/osfile/osfile_async_front.jsm:1548:28
@resource://gre/modules/osfile/osfile_async_front.jsm:1568:16
@resource://gre/modules/osfile.jsm:12:30
@resource://gre/modules/TelemetryStorage.sys.mjs:10:28
_checkPendingPings@resource://gre/modules/TelemetrySend.sys.mjs:863:17
setup@resource://gre/modules/TelemetrySend.sys.mjs:803:18
setup@resource://gre/modules/TelemetrySend.sys.mjs:241:30
setupTelemetry/this._delayedInitTask<@resource://gre/modules/TelemetryControllerParent.sys.mjs:829:36
observe@resource://gre/modules/AsyncShutdown.sys.mjs:576:16

WARNING: A blocker encountered an error while we were waiting.
          Blocker:  TelemetryController: shutting down
          Phase: profile-before-change-telemetry
          State: Error getting state: Error: Phase "profile-before-change" is finished, it is too late to register completion condition "OS.File: flush I/O queued before profileBeforeChange" at addBlocker@resource://gre/modules/AsyncShutdown.sys.mjs:727:15
addBlocker@resource://gre/modules/AsyncShutdown.sys.mjs:523:26
addBlocker@resource://gre/modules/AsyncShutdown.sys.mjs:458:15
setupShutdown@resource://gre/modules/osfile/osfile_async_front.jsm:1548:28
@resource://gre/modules/osfile/osfile_async_front.jsm:1568:16
@resource://gre/modules/osfile.jsm:12:30
@resource://gre/modules/TelemetryStorage.sys.mjs:10:28
_checkPendingPings@resource://gre/modules/TelemetrySend.sys.mjs:863:17
setup@resource://gre/modules/TelemetrySend.sys.mjs:803:18
setup@resource://gre/modules/TelemetrySend.sys.mjs:241:30
setupTelemetry/this._delayedInitTask<@resource://gre/modules/TelemetryControllerParent.sys.mjs:829:36
observe@resource://gre/modules/AsyncShutdown.sys.mjs:576:16

WARNING: Error: Phase "profile-before-change" is finished, it is too late to register completion condition "OS.File: flush I/O queued before profileBeforeChange"
WARNING: addBlocker@resource://gre/modules/AsyncShutdown.sys.mjs:727:15
addBlocker@resource://gre/modules/AsyncShutdown.sys.mjs:523:26
addBlocker@resource://gre/modules/AsyncShutdown.sys.mjs:458:15
setupShutdown@resource://gre/modules/osfile/osfile_async_front.jsm:1548:28
@resource://gre/modules/osfile/osfile_async_front.jsm:1568:16
@resource://gre/modules/osfile.jsm:12:30
@resource://gre/modules/TelemetryStorage.sys.mjs:10:28
_checkPendingPings@resource://gre/modules/TelemetrySend.sys.mjs:863:17
setup@resource://gre/modules/TelemetrySend.sys.mjs:803:18
setup@resource://gre/modules/TelemetrySend.sys.mjs:241:30
setupTelemetry/this._delayedInitTask<@resource://gre/modules/TelemetryControllerParent.sys.mjs:829:36
observe@resource://gre/modules/AsyncShutdown.sys.mjs:576:16

JavaScript error: resource://gre/modules/AsyncShutdown.sys.mjs, line 727: Error: Phase "profile-before-change" is finished, it is too late to register completion condition "OS.File: flush I/O queued before profileBeforeChange"
JavaScript error: resource://gre/modules/AsyncShutdown.sys.mjs, line 727: Error: Phase "profile-before-change" is finished, it is too late to register completion condition "OS.File: flush I/O queued before profileBeforeChange"
JavaScript error: resource://gre/modules/AsyncShutdown.sys.mjs, line 727: Error: Phase "profile-before-change" is finished, it is too late to register completion condition "OS.File: flush I/O queued before profileBeforeChange"
JavaScript error: resource://gre/modules/AsyncShutdown.sys.mjs, line 727: Error: Phase "profile-before-change" is finished, it is too late to register completion condition "OS.File: flush I/O queued before profileBeforeChange"
JavaScript error: resource://gre/modules/AsyncShutdown.sys.mjs, line 727: Error: Phase "profile-before-change" is finished, it is too late to register completion condition "OS.File: flush I/O queued before profileBeforeChange"
JavaScript error: resource://gre/modules/AsyncShutdown.sys.mjs, line 727: Error: Phase "profile-before-change" is finished, it is too late to register completion condition "OS.File: flush I/O queued before profileBeforeChange"
1676470725736	geckodriver	INFO	Listening on 127.0.0.1:51472
1676470728787	mozrunner::runner	INFO	Running command: "C:\\Program Files\\Mozilla Firefox\\firefox.exe" "--marionette" "--remote-debugging-port" "51473" "--remote-allow-hosts" "localhost" "-no-remote" "-profile" "C:\\Users\\45311\\AppData\\Local\\Temp\\rust_mozprofilen2cLnf"
console.warn: services.settings: Ignoring preference override of remote settings server
console.warn: services.settings: Allow by setting MOZ_REMOTE_SETTINGS_DEVTOOLS=1 in the environment
1676470729065	Marionette	INFO	Marionette enabled
Dynamically enable window occlusion 0
1676470729069	Marionette	INFO	Listening on port 51490
Read port: 51490
WebDriver BiDi listening on ws://127.0.0.1:51473
1676470729193	RemoteAgent	WARN	TLS certificate errors will be ignored for this session
console.warn: SearchSettings: "get: No settings file exists, new profile?" (new NotFoundError("Could not open the file at C:\\Users\\45311\\AppData\\Local\\Temp\\rust_mozprofilen2cLnf\\search.json.mozlz4", (void 0)))
DevTools listening on ws://127.0.0.1:51473/devtools/browser/0d7967f9-6ca5-4c69-82dd-e326b2138757
1676470731074	Marionette	INFO	Stopped listening on port 51490
Dynamically enable window occlusion 1
WARNING: A blocker encountered an error while we were waiting.
          Blocker:  Waiting for ping task
          Phase: TelemetryController: Waiting for pending ping activity
          State: (none)
WARNING: Error: Phase "profile-before-change" is finished, it is too late to register completion condition "OS.File: flush I/O queued before profileBeforeChange"
WARNING: addBlocker@resource://gre/modules/AsyncShutdown.sys.mjs:727:15
addBlocker@resource://gre/modules/AsyncShutdown.sys.mjs:523:26
addBlocker@resource://gre/modules/AsyncShutdown.sys.mjs:458:15
setupShutdown@resource://gre/modules/osfile/osfile_async_front.jsm:1548:28
@resource://gre/modules/osfile/osfile_async_front.jsm:1568:16
@resource://gre/modules/osfile.jsm:12:30
@resource://gre/modules/TelemetryStorage.sys.mjs:10:28
_checkPendingPings@resource://gre/modules/TelemetrySend.sys.mjs:863:17
setup@resource://gre/modules/TelemetrySend.sys.mjs:803:18
setup@resource://gre/modules/TelemetrySend.sys.mjs:241:30
setupTelemetry/this._delayedInitTask<@resource://gre/modules/TelemetryControllerParent.sys.mjs:829:36
observe@resource://gre/modules/AsyncShutdown.sys.mjs:576:16

WARNING: A blocker encountered an error while we were waiting.
          Blocker:  Waiting for ping task
          Phase: TelemetryController: Waiting for pending ping activity
          State: (none)
WARNING: Error: Phase "profile-before-change" is finished, it is too late to register completion condition "OS.File: flush I/O queued before profileBeforeChange"
WARNING: addBlocker@resource://gre/modules/AsyncShutdown.sys.mjs:727:15
addBlocker@resource://gre/modules/AsyncShutdown.sys.mjs:523:26
addBlocker@resource://gre/modules/AsyncShutdown.sys.mjs:458:15
setupShutdown@resource://gre/modules/osfile/osfile_async_front.jsm:1548:28
@resource://gre/modules/osfile/osfile_async_front.jsm:1568:16
@resource://gre/modules/osfile.jsm:12:30
@resource://gre/modules/TelemetryStorage.sys.mjs:10:28
_checkPendingPings@resource://gre/modules/TelemetrySend.sys.mjs:863:17
setup@resource://gre/modules/TelemetrySend.sys.mjs:803:18
setup@resource://gre/modules/TelemetrySend.sys.mjs:241:30
setupTelemetry/this._delayedInitTask<@resource://gre/modules/TelemetryControllerParent.sys.mjs:829:36
observe@resource://gre/modules/AsyncShutdown.sys.mjs:576:16

WARNING: A blocker encountered an error while we were waiting.
          Blocker:  Waiting for ping task
          Phase: TelemetryController: Waiting for pending ping activity
          State: (none)
WARNING: Error: Phase "profile-before-change" is finished, it is too late to register completion condition "OS.File: flush I/O queued before profileBeforeChange"
WARNING: addBlocker@resource://gre/modules/AsyncShutdown.sys.mjs:727:15
addBlocker@resource://gre/modules/AsyncShutdown.sys.mjs:523:26
addBlocker@resource://gre/modules/AsyncShutdown.sys.mjs:458:15
setupShutdown@resource://gre/modules/osfile/osfile_async_front.jsm:1548:28
@resource://gre/modules/osfile/osfile_async_front.jsm:1568:16
@resource://gre/modules/osfile.jsm:12:30
@resource://gre/modules/TelemetryStorage.sys.mjs:10:28
_checkPendingPings@resource://gre/modules/TelemetrySend.sys.mjs:863:17
setup@resource://gre/modules/TelemetrySend.sys.mjs:803:18
setup@resource://gre/modules/TelemetrySend.sys.mjs:241:30
setupTelemetry/this._delayedInitTask<@resource://gre/modules/TelemetryControllerParent.sys.mjs:829:36
observe@resource://gre/modules/AsyncShutdown.sys.mjs:576:16

WARNING: A blocker encountered an error while we were waiting.
          Blocker:  TelemetryController: shutting down
          Phase: profile-before-change-telemetry
          State: Error getting state: Error: Phase "profile-before-change" is finished, it is too late to register completion condition "OS.File: flush I/O queued before profileBeforeChange" at addBlocker@resource://gre/modules/AsyncShutdown.sys.mjs:727:15
addBlocker@resource://gre/modules/AsyncShutdown.sys.mjs:523:26
addBlocker@resource://gre/modules/AsyncShutdown.sys.mjs:458:15
setupShutdown@resource://gre/modules/osfile/osfile_async_front.jsm:1548:28
@resource://gre/modules/osfile/osfile_async_front.jsm:1568:16
@resource://gre/modules/osfile.jsm:12:30
@resource://gre/modules/TelemetryStorage.sys.mjs:10:28
_checkPendingPings@resource://gre/modules/TelemetrySend.sys.mjs:863:17
setup@resource://gre/modules/TelemetrySend.sys.mjs:803:18
setup@resource://gre/modules/TelemetrySend.sys.mjs:241:30
setupTelemetry/this._delayedInitTask<@resource://gre/modules/TelemetryControllerParent.sys.mjs:829:36
observe@resource://gre/modules/AsyncShutdown.sys.mjs:576:16

WARNING: Error: Phase "profile-before-change" is finished, it is too late to register completion condition "OS.File: flush I/O queued before profileBeforeChange"
WARNING: addBlocker@resource://gre/modules/AsyncShutdown.sys.mjs:727:15
addBlocker@resource://gre/modules/AsyncShutdown.sys.mjs:523:26
addBlocker@resource://gre/modules/AsyncShutdown.sys.mjs:458:15
setupShutdown@resource://gre/modules/osfile/osfile_async_front.jsm:1548:28
@resource://gre/modules/osfile/osfile_async_front.jsm:1568:16
@resource://gre/modules/osfile.jsm:12:30
@resource://gre/modules/TelemetryStorage.sys.mjs:10:28
_checkPendingPings@resource://gre/modules/TelemetrySend.sys.mjs:863:17
setup@resource://gre/modules/TelemetrySend.sys.mjs:803:18
setup@resource://gre/modules/TelemetrySend.sys.mjs:241:30
setupTelemetry/this._delayedInitTask<@resource://gre/modules/TelemetryControllerParent.sys.mjs:829:36
observe@resource://gre/modules/AsyncShutdown.sys.mjs:576:16

JavaScript error: resource://gre/modules/AsyncShutdown.sys.mjs, line 727: Error: Phase "profile-before-change" is finished, it is too late to register completion condition "OS.File: flush I/O queued before profileBeforeChange"
JavaScript error: resource://gre/modules/AsyncShutdown.sys.mjs, line 727: Error: Phase "profile-before-change" is finished, it is too late to register completion condition "OS.File: flush I/O queued before profileBeforeChange"
JavaScript error: resource://gre/modules/AsyncShutdown.sys.mjs, line 727: Error: Phase "profile-before-change" is finished, it is too late to register completion condition "OS.File: flush I/O queued before profileBeforeChange"
JavaScript error: resource://gre/modules/AsyncShutdown.sys.mjs, line 727: Error: Phase "profile-before-change" is finished, it is too late to register completion condition "OS.File: flush I/O queued before profileBeforeChange"
JavaScript error: resource://gre/modules/AsyncShutdown.sys.mjs, line 727: Error: Phase "profile-before-change" is finished, it is too late to register completion condition "OS.File: flush I/O queued before profileBeforeChange"
JavaScript error: resource://gre/modules/AsyncShutdown.sys.mjs, line 727: Error: Phase "profile-before-change" is finished, it is too late to register completion condition "OS.File: flush I/O queued before profileBeforeChange"
1676470811292	geckodriver	INFO	Listening on 127.0.0.1:51580
1676470814344	mozrunner::runner	INFO	Running command: "C:\\Program Files\\Mozilla Firefox\\firefox.exe" "--marionette" "--remote-debugging-port" "51581" "--remote-allow-hosts" "localhost" "-no-remote" "-profile" "C:\\Users\\45311\\AppData\\Local\\Temp\\rust_mozprofileLJeka8"
console.warn: services.settings: Ignoring preference override of remote settings server
console.warn: services.settings: Allow by setting MOZ_REMOTE_SETTINGS_DEVTOOLS=1 in the environment
1676470814615	Marionette	INFO	Marionette enabled
Dynamically enable window occlusion 0
1676470814619	Marionette	INFO	Listening on port 51589
Read port: 51589
WebDriver BiDi listening on ws://127.0.0.1:51581
1676470814742	RemoteAgent	WARN	TLS certificate errors will be ignored for this session
console.warn: SearchSettings: "get: No settings file exists, new profile?" (new NotFoundError("Could not open the file at C:\\Users\\45311\\AppData\\Local\\Temp\\rust_mozprofileLJeka8\\search.json.mozlz4", (void 0)))
DevTools listening on ws://127.0.0.1:51581/devtools/browser/bb7b4b13-b92c-40f6-b7fb-6a60cfa99bd0
1676470816618	Marionette	INFO	Stopped listening on port 51589
Dynamically enable window occlusion 1
WARNING: A blocker encountered an error while we were waiting.
          Blocker:  Waiting for ping task
          Phase: TelemetryController: Waiting for pending ping activity
          State: (none)
WARNING: Error: Phase "profile-before-change" is finished, it is too late to register completion condition "OS.File: flush I/O queued before profileBeforeChange"
WARNING: addBlocker@resource://gre/modules/AsyncShutdown.sys.mjs:727:15
addBlocker@resource://gre/modules/AsyncShutdown.sys.mjs:523:26
addBlocker@resource://gre/modules/AsyncShutdown.sys.mjs:458:15
setupShutdown@resource://gre/modules/osfile/osfile_async_front.jsm:1548:28
@resource://gre/modules/osfile/osfile_async_front.jsm:1568:16
@resource://gre/modules/osfile.jsm:12:30
@resource://gre/modules/TelemetryStorage.sys.mjs:10:28
_checkPendingPings@resource://gre/modules/TelemetrySend.sys.mjs:863:17
setup@resource://gre/modules/TelemetrySend.sys.mjs:803:18
setup@resource://gre/modules/TelemetrySend.sys.mjs:241:30
setupTelemetry/this._delayedInitTask<@resource://gre/modules/TelemetryControllerParent.sys.mjs:829:36
observe@resource://gre/modules/AsyncShutdown.sys.mjs:576:16

WARNING: A blocker encountered an error while we were waiting.
          Blocker:  Waiting for ping task
          Phase: TelemetryController: Waiting for pending ping activity
          State: (none)
WARNING: Error: Phase "profile-before-change" is finished, it is too late to register completion condition "OS.File: flush I/O queued before profileBeforeChange"
WARNING: addBlocker@resource://gre/modules/AsyncShutdown.sys.mjs:727:15
addBlocker@resource://gre/modules/AsyncShutdown.sys.mjs:523:26
addBlocker@resource://gre/modules/AsyncShutdown.sys.mjs:458:15
setupShutdown@resource://gre/modules/osfile/osfile_async_front.jsm:1548:28
@resource://gre/modules/osfile/osfile_async_front.jsm:1568:16
@resource://gre/modules/osfile.jsm:12:30
@resource://gre/modules/TelemetryStorage.sys.mjs:10:28
_checkPendingPings@resource://gre/modules/TelemetrySend.sys.mjs:863:17
setup@resource://gre/modules/TelemetrySend.sys.mjs:803:18
setup@resource://gre/modules/TelemetrySend.sys.mjs:241:30
setupTelemetry/this._delayedInitTask<@resource://gre/modules/TelemetryControllerParent.sys.mjs:829:36
observe@resource://gre/modules/AsyncShutdown.sys.mjs:576:16

WARNING: A blocker encountered an error while we were waiting.
          Blocker:  Waiting for ping task
          Phase: TelemetryController: Waiting for pending ping activity
          State: (none)
WARNING: Error: Phase "profile-before-change" is finished, it is too late to register completion condition "OS.File: flush I/O queued before profileBeforeChange"
WARNING: addBlocker@resource://gre/modules/AsyncShutdown.sys.mjs:727:15
addBlocker@resource://gre/modules/AsyncShutdown.sys.mjs:523:26
addBlocker@resource://gre/modules/AsyncShutdown.sys.mjs:458:15
setupShutdown@resource://gre/modules/osfile/osfile_async_front.jsm:1548:28
@resource://gre/modules/osfile/osfile_async_front.jsm:1568:16
@resource://gre/modules/osfile.jsm:12:30
@resource://gre/modules/TelemetryStorage.sys.mjs:10:28
_checkPendingPings@resource://gre/modules/TelemetrySend.sys.mjs:863:17
setup@resource://gre/modules/TelemetrySend.sys.mjs:803:18
setup@resource://gre/modules/TelemetrySend.sys.mjs:241:30
setupTelemetry/this._delayedInitTask<@resource://gre/modules/TelemetryControllerParent.sys.mjs:829:36
observe@resource://gre/modules/AsyncShutdown.sys.mjs:576:16

WARNING: A blocker encountered an error while we were waiting.
          Blocker:  TelemetryController: shutting down
          Phase: profile-before-change-telemetry
          State: Error getting state: Error: Phase "profile-before-change" is finished, it is too late to register completion condition "OS.File: flush I/O queued before profileBeforeChange" at addBlocker@resource://gre/modules/AsyncShutdown.sys.mjs:727:15
addBlocker@resource://gre/modules/AsyncShutdown.sys.mjs:523:26
addBlocker@resource://gre/modules/AsyncShutdown.sys.mjs:458:15
setupShutdown@resource://gre/modules/osfile/osfile_async_front.jsm:1548:28
@resource://gre/modules/osfile/osfile_async_front.jsm:1568:16
@resource://gre/modules/osfile.jsm:12:30
@resource://gre/modules/TelemetryStorage.sys.mjs:10:28
_checkPendingPings@resource://gre/modules/TelemetrySend.sys.mjs:863:17
setup@resource://gre/modules/TelemetrySend.sys.mjs:803:18
setup@resource://gre/modules/TelemetrySend.sys.mjs:241:30
setupTelemetry/this._delayedInitTask<@resource://gre/modules/TelemetryControllerParent.sys.mjs:829:36
observe@resource://gre/modules/AsyncShutdown.sys.mjs:576:16

WARNING: Error: Phase "profile-before-change" is finished, it is too late to register completion condition "OS.File: flush I/O queued before profileBeforeChange"
WARNING: addBlocker@resource://gre/modules/AsyncShutdown.sys.mjs:727:15
addBlocker@resource://gre/modules/AsyncShutdown.sys.mjs:523:26
addBlocker@resource://gre/modules/AsyncShutdown.sys.mjs:458:15
setupShutdown@resource://gre/modules/osfile/osfile_async_front.jsm:1548:28
@resource://gre/modules/osfile/osfile_async_front.jsm:1568:16
@resource://gre/modules/osfile.jsm:12:30
@resource://gre/modules/TelemetryStorage.sys.mjs:10:28
_checkPendingPings@resource://gre/modules/TelemetrySend.sys.mjs:863:17
setup@resource://gre/modules/TelemetrySend.sys.mjs:803:18
setup@resource://gre/modules/TelemetrySend.sys.mjs:241:30
setupTelemetry/this._delayedInitTask<@resource://gre/modules/TelemetryControllerParent.sys.mjs:829:36
observe@resource://gre/modules/AsyncShutdown.sys.mjs:576:16

JavaScript error: resource://gre/modules/AsyncShutdown.sys.mjs, line 727: Error: Phase "profile-before-change" is finished, it is too late to register completion condition "OS.File: flush I/O queued before profileBeforeChange"
JavaScript error: resource://gre/modules/AsyncShutdown.sys.mjs, line 727: Error: Phase "profile-before-change" is finished, it is too late to register completion condition "OS.File: flush I/O queued before profileBeforeChange"
JavaScript error: resource://gre/modules/AsyncShutdown.sys.mjs, line 727: Error: Phase "profile-before-change" is finished, it is too late to register completion condition "OS.File: flush I/O queued before profileBeforeChange"
JavaScript error: resource://gre/modules/AsyncShutdown.sys.mjs, line 727: Error: Phase "profile-before-change" is finished, it is too late to register completion condition "OS.File: flush I/O queued before profileBeforeChange"
JavaScript error: resource://gre/modules/AsyncShutdown.sys.mjs, line 727: Error: Phase "profile-before-change" is finished, it is too late to register completion condition "OS.File: flush I/O queued before profileBeforeChange"
JavaScript error: resource://gre/modules/AsyncShutdown.sys.mjs, line 727: Error: Phase "profile-before-change" is finished, it is too late to register completion condition "OS.File: flush I/O queued before profileBeforeChange"
1676470865930	geckodriver	INFO	Listening on 127.0.0.1:51680
1676470868964	mozrunner::runner	INFO	Running command: "C:\\Program Files\\Mozilla Firefox\\firefox.exe" "--marionette" "--remote-debugging-port" "51681" "--remote-allow-hosts" "localhost" "-no-remote" "-profile" "C:\\Users\\45311\\AppData\\Local\\Temp\\rust_mozprofilereT5VF"
console.warn: services.settings: Ignoring preference override of remote settings server
console.warn: services.settings: Allow by setting MOZ_REMOTE_SETTINGS_DEVTOOLS=1 in the environment
1676470869249	Marionette	INFO	Marionette enabled
Dynamically enable window occlusion 0
1676470869253	Marionette	INFO	Listening on port 51692
Read port: 51692
WebDriver BiDi listening on ws://127.0.0.1:51681
1676470869390	RemoteAgent	WARN	TLS certificate errors will be ignored for this session
console.warn: SearchSettings: "get: No settings file exists, new profile?" (new NotFoundError("Could not open the file at C:\\Users\\45311\\AppData\\Local\\Temp\\rust_mozprofilereT5VF\\search.json.mozlz4", (void 0)))
DevTools listening on ws://127.0.0.1:51681/devtools/browser/4ef4822e-4b7b-4d8c-bbc4-700dd6284994
1676470871590	Marionette	INFO	Stopped listening on port 51692
Dynamically enable window occlusion 1
WARNING: A blocker encountered an error while we were waiting.
          Blocker:  Waiting for ping task
          Phase: TelemetryController: Waiting for pending ping activity
          State: (none)
WARNING: Error: Phase "profile-before-change" is finished, it is too late to register completion condition "OS.File: flush I/O queued before profileBeforeChange"
WARNING: addBlocker@resource://gre/modules/AsyncShutdown.sys.mjs:727:15
addBlocker@resource://gre/modules/AsyncShutdown.sys.mjs:523:26
addBlocker@resource://gre/modules/AsyncShutdown.sys.mjs:458:15
setupShutdown@resource://gre/modules/osfile/osfile_async_front.jsm:1548:28
@resource://gre/modules/osfile/osfile_async_front.jsm:1568:16
@resource://gre/modules/osfile.jsm:12:30
@resource://gre/modules/TelemetryStorage.sys.mjs:10:28
_checkPendingPings@resource://gre/modules/TelemetrySend.sys.mjs:863:17
setup@resource://gre/modules/TelemetrySend.sys.mjs:803:18
setup@resource://gre/modules/TelemetrySend.sys.mjs:241:30
setupTelemetry/this._delayedInitTask<@resource://gre/modules/TelemetryControllerParent.sys.mjs:829:36
observe@resource://gre/modules/AsyncShutdown.sys.mjs:576:16

WARNING: A blocker encountered an error while we were waiting.
          Blocker:  Waiting for ping task
          Phase: TelemetryController: Waiting for pending ping activity
          State: (none)
WARNING: Error: Phase "profile-before-change" is finished, it is too late to register completion condition "OS.File: flush I/O queued before profileBeforeChange"
WARNING: addBlocker@resource://gre/modules/AsyncShutdown.sys.mjs:727:15
addBlocker@resource://gre/modules/AsyncShutdown.sys.mjs:523:26
addBlocker@resource://gre/modules/AsyncShutdown.sys.mjs:458:15
setupShutdown@resource://gre/modules/osfile/osfile_async_front.jsm:1548:28
@resource://gre/modules/osfile/osfile_async_front.jsm:1568:16
@resource://gre/modules/osfile.jsm:12:30
@resource://gre/modules/TelemetryStorage.sys.mjs:10:28
_checkPendingPings@resource://gre/modules/TelemetrySend.sys.mjs:863:17
setup@resource://gre/modules/TelemetrySend.sys.mjs:803:18
setup@resource://gre/modules/TelemetrySend.sys.mjs:241:30
setupTelemetry/this._delayedInitTask<@resource://gre/modules/TelemetryControllerParent.sys.mjs:829:36
observe@resource://gre/modules/AsyncShutdown.sys.mjs:576:16

WARNING: A blocker encountered an error while we were waiting.
          Blocker:  Waiting for ping task
          Phase: TelemetryController: Waiting for pending ping activity
          State: (none)
WARNING: Error: Phase "profile-before-change" is finished, it is too late to register completion condition "OS.File: flush I/O queued before profileBeforeChange"
WARNING: addBlocker@resource://gre/modules/AsyncShutdown.sys.mjs:727:15
addBlocker@resource://gre/modules/AsyncShutdown.sys.mjs:523:26
addBlocker@resource://gre/modules/AsyncShutdown.sys.mjs:458:15
setupShutdown@resource://gre/modules/osfile/osfile_async_front.jsm:1548:28
@resource://gre/modules/osfile/osfile_async_front.jsm:1568:16
@resource://gre/modules/osfile.jsm:12:30
@resource://gre/modules/TelemetryStorage.sys.mjs:10:28
_checkPendingPings@resource://gre/modules/TelemetrySend.sys.mjs:863:17
setup@resource://gre/modules/TelemetrySend.sys.mjs:803:18
setup@resource://gre/modules/TelemetrySend.sys.mjs:241:30
setupTelemetry/this._delayedInitTask<@resource://gre/modules/TelemetryControllerParent.sys.mjs:829:36
observe@resource://gre/modules/AsyncShutdown.sys.mjs:576:16

WARNING: A blocker encountered an error while we were waiting.
          Blocker:  TelemetryController: shutting down
          Phase: profile-before-change-telemetry
          State: Error getting state: Error: Phase "profile-before-change" is finished, it is too late to register completion condition "OS.File: flush I/O queued before profileBeforeChange" at addBlocker@resource://gre/modules/AsyncShutdown.sys.mjs:727:15
addBlocker@resource://gre/modules/AsyncShutdown.sys.mjs:523:26
addBlocker@resource://gre/modules/AsyncShutdown.sys.mjs:458:15
setupShutdown@resource://gre/modules/osfile/osfile_async_front.jsm:1548:28
@resource://gre/modules/osfile/osfile_async_front.jsm:1568:16
@resource://gre/modules/osfile.jsm:12:30
@resource://gre/modules/TelemetryStorage.sys.mjs:10:28
_checkPendingPings@resource://gre/modules/TelemetrySend.sys.mjs:863:17
setup@resource://gre/modules/TelemetrySend.sys.mjs:803:18
setup@resource://gre/modules/TelemetrySend.sys.mjs:241:30
setupTelemetry/this._delayedInitTask<@resource://gre/modules/TelemetryControllerParent.sys.mjs:829:36
observe@resource://gre/modules/AsyncShutdown.sys.mjs:576:16

WARNING: Error: Phase "profile-before-change" is finished, it is too late to register completion condition "OS.File: flush I/O queued before profileBeforeChange"
WARNING: addBlocker@resource://gre/modules/AsyncShutdown.sys.mjs:727:15
addBlocker@resource://gre/modules/AsyncShutdown.sys.mjs:523:26
addBlocker@resource://gre/modules/AsyncShutdown.sys.mjs:458:15
setupShutdown@resource://gre/modules/osfile/osfile_async_front.jsm:1548:28
@resource://gre/modules/osfile/osfile_async_front.jsm:1568:16
@resource://gre/modules/osfile.jsm:12:30
@resource://gre/modules/TelemetryStorage.sys.mjs:10:28
_checkPendingPings@resource://gre/modules/TelemetrySend.sys.mjs:863:17
setup@resource://gre/modules/TelemetrySend.sys.mjs:803:18
setup@resource://gre/modules/TelemetrySend.sys.mjs:241:30
setupTelemetry/this._delayedInitTask<@resource://gre/modules/TelemetryControllerParent.sys.mjs:829:36
observe@resource://gre/modules/AsyncShutdown.sys.mjs:576:16

JavaScript error: resource://gre/modules/AsyncShutdown.sys.mjs, line 727: Error: Phase "profile-before-change" is finished, it is too late to register completion condition "OS.File: flush I/O queued before profileBeforeChange"
JavaScript error: resource://gre/modules/AsyncShutdown.sys.mjs, line 727: Error: Phase "profile-before-change" is finished, it is too late to register completion condition "OS.File: flush I/O queued before profileBeforeChange"
JavaScript error: resource://gre/modules/AsyncShutdown.sys.mjs, line 727: Error: Phase "profile-before-change" is finished, it is too late to register completion condition "OS.File: flush I/O queued before profileBeforeChange"
JavaScript error: resource://gre/modules/AsyncShutdown.sys.mjs, line 727: Error: Phase "profile-before-change" is finished, it is too late to register completion condition "OS.File: flush I/O queued before profileBeforeChange"
JavaScript error: resource://gre/modules/AsyncShutdown.sys.mjs, line 727: Error: Phase "profile-before-change" is finished, it is too late to register completion condition "OS.File: flush I/O queued before profileBeforeChange"
JavaScript error: resource://gre/modules/AsyncShutdown.sys.mjs, line 727: Error: Phase "profile-before-change" is finished, it is too late to register completion condition "OS.File: flush I/O queued before profileBeforeChange"
1676470983631	geckodriver	INFO	Listening on 127.0.0.1:51799
1676470986690	mozrunner::runner	INFO	Running command: "C:\\Program Files\\Mozilla Firefox\\firefox.exe" "--marionette" "--remote-debugging-port" "51800" "--remote-allow-hosts" "localhost" "-no-remote" "-profile" "C:\\Users\\45311\\AppData\\Local\\Temp\\rust_mozprofile1kajrL"
console.warn: services.settings: Ignoring preference override of remote settings server
console.warn: services.settings: Allow by setting MOZ_REMOTE_SETTINGS_DEVTOOLS=1 in the environment
1676470986958	Marionette	INFO	Marionette enabled
Dynamically enable window occlusion 0
1676470986962	Marionette	INFO	Listening on port 51808
Read port: 51808
WebDriver BiDi listening on ws://127.0.0.1:51800
1676470987087	RemoteAgent	WARN	TLS certificate errors will be ignored for this session
console.warn: SearchSettings: "get: No settings file exists, new profile?" (new NotFoundError("Could not open the file at C:\\Users\\45311\\AppData\\Local\\Temp\\rust_mozprofile1kajrL\\search.json.mozlz4", (void 0)))
DevTools listening on ws://127.0.0.1:51800/devtools/browser/ae016208-0a0a-40db-9a79-3488adadc1ff
console.warn: LoginRecipes: "Falling back to a synchronous message for: https://consent.yahoo.com."
JavaScript warning: https://aka-cdn.adtechus.com/media/moat/adtechbrands092348fjlsmdhlwsl239fh3df/moatad.js#moatClientLevel1=5113&moatClientLevel2=374058&moatClientLevel3=0&moatClientLevel4=4869469&zMoatMaster=11100493&zMoatFlight=11101939&zMoatBanner=26888735&zURL=https&zMoatPlacementId=4869469&zMoatAdId=11101939&zMoatCreative=0&zMoatBannerID=2&zMoatCustomVisp=50&zMoatCustomVist=1000&zMoatIsAdvisGoal=0&zMoatEventUrl=https://6.ras.yahoo.com/adcount|2.0|5113.1|4869469|0|225|AdId=11101939;BnId=2;ct=3535875462;st=14613;adcid=1;itime=471005472;reqtype=5;guid=85gtdsphupqmc;;impref=167647100530986669;imprefseq=74597479017879572;imprefts=1676471005;adclntid=1004;spaceid=95993639;adposition=LDRB;lmsid=;revshare=pt%253Autility%253Bsite%253Afinance%253Bver%253Aydotcom%253Bpct%253Aqsp%253Blu%253A0;pvid=aIsKszIxNy6Cw63mY.zqzAE8ODUuMQAAAADSwFhK;sectionid=134942051;kvsecure%2Ddarla=4%2D10%2D1%7Cysd%7C1;kvsecure=true;kvrs=pt:utility:ver:site:lu:pct:ydotcom:finance:0:qsp;kvssp=ssp;kvmn=y408365;kvticker=aapl;kvy%2Dbucket=fd%2Dqsp%2Dno%2Dstickyfooter;kvpgcolo=ir2;kvadtc%5Fdvmktname=unknown;kvadtc%5Fdvosplt=windows%5F10;kvadtc%5Fdvbrand=mozilla;kvadtc%5Fdvtype=desktop;kvadtc%5Fdvmodel=firefox%5F%2D%5Fwindows;kvrepo%5Fdvosplt=windows%5F10;kvadtc%5Fdvosversion=NT%2010%2E0;kvadtc%5Fcrmcc=UNKNOWN;kvadtc%5Fcrmnc=UNKNOWN;gdpr=1;euconsent=CPnOUUAPnOUUAAOACBDAC3CoAP_AAEfAACiQJMtd_H__bX9v-f7_6ft0eY1f9_rz7uQzDhfNk-4F3L_W_LwX_2E7NF36tq4KmR4ku1LBIUNtHMnUDVmxaokVrzHsak2cpTNKJ_BkknsZe2dYGF5vm5tj-QKZ5v5_d3f52T_9_9v-39z33913v3d93-_12PjdU5_9H_v_fR_b8_Kf9_7-_4v8_9_rs3_e______9v__4JMgEmGrcQBdiWOBNoGEUCIEYVhIRQKACCgGFogIAHBwU7KwCfWESABAKAIwIgQ4AowIBAAABAEhEAEgRYIAAARAIAAQAIBEIACBgEFABYGAQAAgGgYohQACBIAZEBEUpgQEQJBAS2VCCUF0hphAFWWAFAIjYKABEAAArAAEBYOAYIkBKxYIEmINogBGAFAKJUK1BJ6YAYaADAAEEmREAGAAIJMioAMAAQSZA;&zMoatSize=225&zMoatSubNetID=1&zMoatisSelected=0&zMoatadServer=us-pg.ras.yahoo.com&zMoatadVisServer=&zMoatSamplingRate=5&zMoatliveTestCookie=&zMoatRefSeqId=UgBAOMgBJEA&zMoatImpRefTs=1676471005&zMoatAlias=y408365&zMoatVert=&zMoatBannerInfo=498041664, line 265: WEBGL_debug_renderer_info is deprecated in Firefox and will be removed. Please use RENDERER.
JavaScript warning: https://aka-cdn.adtechus.com/media/moat/adtechbrands092348fjlsmdhlwsl239fh3df/moatad.js#moatClientLevel1=5113&moatClientLevel2=374058&moatClientLevel3=0&moatClientLevel4=4869471&zMoatMaster=11100493&zMoatFlight=11101985&zMoatBanner=26888736&zURL=https&zMoatPlacementId=4869471&zMoatAdId=11101985&zMoatCreative=0&zMoatBannerID=3&zMoatCustomVisp=50&zMoatCustomVist=1000&zMoatIsAdvisGoal=0&zMoatEventUrl=https://6.ras.yahoo.com/adcount|2.0|5113.1|4869471|0|225|AdId=11101985;BnId=3;ct=3535875462;st=16507;adcid=1;itime=471005479;reqtype=5;guid=85gtdsphupqmc;;impref=167647100530986682;imprefseq=74597479017879575;imprefts=1676471005;adclntid=1004;spaceid=95993639;adposition=LDRB2;lmsid=;revshare=pt%253Autility%253Bsite%253Afinance%253Bver%253Aydotcom%253Bpct%253Aqsp%253Blu%253A0;pvid=aIsKszIxNy6Cw63mY.zqzAE8ODUuMQAAAADSwFhK;sectionid=134942051;kvsecure%2Ddarla=4%2D10%2D1%7Cysd%7C1;kvsecure=true;kvrs=pt:utility:ver:site:lu:pct:ydotcom:finance:0:qsp;kvssp=ssp;kvmn=y408366;kvticker=aapl;kvy%2Dbucket=fd%2Dqsp%2Dno%2Dstickyfooter;kvpgcolo=ir2;kvadtc%5Fdvmktname=unknown;kvadtc%5Fdvosplt=windows%5F10;kvadtc%5Fdvbrand=mozilla;kvadtc%5Fdvtype=desktop;kvadtc%5Fdvmodel=firefox%5F%2D%5Fwindows;kvrepo%5Fdvosplt=windows%5F10;kvadtc%5Fdvosversion=NT%2010%2E0;kvadtc%5Fcrmcc=UNKNOWN;kvadtc%5Fcrmnc=UNKNOWN;gdpr=1;euconsent=CPnOUUAPnOUUAAOACBDAC3CoAP_AAEfAACiQJMtd_H__bX9v-f7_6ft0eY1f9_rz7uQzDhfNk-4F3L_W_LwX_2E7NF36tq4KmR4ku1LBIUNtHMnUDVmxaokVrzHsak2cpTNKJ_BkknsZe2dYGF5vm5tj-QKZ5v5_d3f52T_9_9v-39z33913v3d93-_12PjdU5_9H_v_fR_b8_Kf9_7-_4v8_9_rs3_e______9v__4JMgEmGrcQBdiWOBNoGEUCIEYVhIRQKACCgGFogIAHBwU7KwCfWESABAKAIwIgQ4AowIBAAABAEhEAEgRYIAAARAIAAQAIBEIACBgEFABYGAQAAgGgYohQACBIAZEBEUpgQEQJBAS2VCCUF0hphAFWWAFAIjYKABEAAArAAEBYOAYIkBKxYIEmINogBGAFAKJUK1BJ6YAYaADAAEEmREAGAAIJMioAMAAQSZA;&zMoatSize=225&zMoatSubNetID=1&zMoatisSelected=0&zMoatadServer=us-pg.ras.yahoo.com&zMoatadVisServer=&zMoatSamplingRate=5&zMoatliveTestCookie=&zMoatRefSeqId=XgBAOMgBJEA&zMoatImpRefTs=1676471005&zMoatAlias=y408366&zMoatVert=&zMoatBannerInfo=498041662, line 265: WEBGL_debug_renderer_info is deprecated in Firefox and will be removed. Please use RENDERER.
JavaScript warning: https://aka-cdn.adtechus.com/media/moat/adtechbrands092348fjlsmdhlwsl239fh3df/moatad.js#moatClientLevel1=5113&moatClientLevel2=374058&moatClientLevel3=0&moatClientLevel4=4869465&zMoatMaster=11100493&zMoatFlight=11101861&zMoatBanner=26888708&zURL=https&zMoatPlacementId=4869465&zMoatAdId=11101861&zMoatCreative=0&zMoatBannerID=2&zMoatCustomVisp=50&zMoatCustomVist=1000&zMoatIsAdvisGoal=0&zMoatEventUrl=https://6.ras.yahoo.com/adcount|2.0|5113.1|4869465|0|170|AdId=11101861;BnId=2;ct=3535875462;st=18274;adcid=1;itime=471005483;reqtype=5;guid=85gtdsphupqmc;;impref=167647100530986690;imprefseq=74597479017879578;imprefts=1676471005;adclntid=1004;spaceid=95993639;adposition=LREC;lmsid=;revshare=pt%253Autility%253Bsite%253Afinance%253Bver%253Aydotcom%253Bpct%253Aqsp%253Blu%253A0;pvid=aIsKszIxNy6Cw63mY.zqzAE8ODUuMQAAAADSwFhK;sectionid=134942051;kvsecure%2Ddarla=4%2D10%2D1%7Cysd%7C1;kvsecure=true;kvrs=pt:utility:ver:site:lu:pct:ydotcom:finance:0:qsp;kvssp=ssp;kvmn=y408362;kvticker=aapl;kvy%2Dbucket=fd%2Dqsp%2Dno%2Dstickyfooter;kvpgcolo=ir2;kvadtc%5Fdvmktname=unknown;kvadtc%5Fdvosplt=windows%5F10;kvadtc%5Fdvbrand=mozilla;kvadtc%5Fdvtype=desktop;kvadtc%5Fdvmodel=firefox%5F%2D%5Fwindows;kvrepo%5Fdvosplt=windows%5F10;kvadtc%5Fdvosversion=NT%2010%2E0;kvadtc%5Fcrmcc=UNKNOWN;kvadtc%5Fcrmnc=UNKNOWN;gdpr=1;euconsent=CPnOUUAPnOUUAAOACBDAC3CoAP_AAEfAACiQJMtd_H__bX9v-f7_6ft0eY1f9_rz7uQzDhfNk-4F3L_W_LwX_2E7NF36tq4KmR4ku1LBIUNtHMnUDVmxaokVrzHsak2cpTNKJ_BkknsZe2dYGF5vm5tj-QKZ5v5_d3f52T_9_9v-39z33913v3d93-_12PjdU5_9H_v_fR_b8_Kf9_7-_4v8_9_rs3_e______9v__4JMgEmGrcQBdiWOBNoGEUCIEYVhIRQKACCgGFogIAHBwU7KwCfWESABAKAIwIgQ4AowIBAAABAEhEAEgRYIAAARAIAAQAIBEIACBgEFABYGAQAAgGgYohQACBIAZEBEUpgQEQJBAS2VCCUF0hphAFWWAFAIjYKABEAAArAAEBYOAYIkBKxYIEmINogBGAFAKJUK1BJ6YAYaADAAEEmREAGAAIJMioAMAAQSZA;&zMoatSize=170&zMoatSubNetID=1&zMoatisSelected=0&zMoatadServer=us-pg.ras.yahoo.com&zMoatadVisServer=&zMoatSamplingRate=5&zMoatliveTestCookie=&zMoatRefSeqId=agBAOMgBJEA&zMoatImpRefTs=1676471005&zMoatAlias=y408362&zMoatVert=&zMoatBannerInfo=498041666, line 265: WEBGL_debug_renderer_info is deprecated in Firefox and will be removed. Please use RENDERER.
1676471009015	Marionette	INFO	Stopped listening on port 51808
Dynamically enable window occlusion 1
JavaScript error: , line 0: uncaught exception: undefined
JavaScript error: https://cdn.js7k.com/ix/talon-1.0.40.js, line 1: InvalidStateError: Permissions.query: The document is not fully active.
JavaScript warning: https://cdn.js7k.com/ix/talon-1.0.40.js, line 1: WEBGL_debug_renderer_info is deprecated in Firefox and will be removed. Please use RENDERER.
JavaScript warning: https://cdn.js7k.com/ix/talon-1.0.40.js, line 1: WEBGL_debug_renderer_info is deprecated in Firefox and will be removed. Please use RENDERER.
JavaScript warning: https://cdn.js7k.com/ix/talon-1.0.40.js, line 1: WEBGL_debug_renderer_info is deprecated in Firefox and will be removed. Please use RENDERER.
WARNING: A blocker encountered an error while we were waiting.
          Blocker:  Waiting for ping task
          Phase: TelemetryController: Waiting for pending ping activity
          State: (none)
WARNING: Error: Phase "profile-before-change" is finished, it is too late to register completion condition "OS.File: flush I/O queued before profileBeforeChange"
WARNING: addBlocker@resource://gre/modules/AsyncShutdown.sys.mjs:727:15
addBlocker@resource://gre/modules/AsyncShutdown.sys.mjs:523:26
addBlocker@resource://gre/modules/AsyncShutdown.sys.mjs:458:15
setupShutdown@resource://gre/modules/osfile/osfile_async_front.jsm:1548:28
@resource://gre/modules/osfile/osfile_async_front.jsm:1568:16
@resource://gre/modules/osfile.jsm:12:30
@resource://gre/modules/TelemetryStorage.sys.mjs:10:28
_checkPendingPings@resource://gre/modules/TelemetrySend.sys.mjs:863:17
setup@resource://gre/modules/TelemetrySend.sys.mjs:803:18
setup@resource://gre/modules/TelemetrySend.sys.mjs:241:30
setupTelemetry/this._delayedInitTask<@resource://gre/modules/TelemetryControllerParent.sys.mjs:829:36
observe@resource://gre/modules/AsyncShutdown.sys.mjs:576:16

WARNING: A blocker encountered an error while we were waiting.
          Blocker:  Waiting for ping task
          Phase: TelemetryController: Waiting for pending ping activity
          State: (none)
WARNING: Error: Phase "profile-before-change" is finished, it is too late to register completion condition "OS.File: flush I/O queued before profileBeforeChange"
WARNING: addBlocker@resource://gre/modules/AsyncShutdown.sys.mjs:727:15
addBlocker@resource://gre/modules/AsyncShutdown.sys.mjs:523:26
addBlocker@resource://gre/modules/AsyncShutdown.sys.mjs:458:15
setupShutdown@resource://gre/modules/osfile/osfile_async_front.jsm:1548:28
@resource://gre/modules/osfile/osfile_async_front.jsm:1568:16
@resource://gre/modules/osfile.jsm:12:30
@resource://gre/modules/TelemetryStorage.sys.mjs:10:28
_checkPendingPings@resource://gre/modules/TelemetrySend.sys.mjs:863:17
setup@resource://gre/modules/TelemetrySend.sys.mjs:803:18
setup@resource://gre/modules/TelemetrySend.sys.mjs:241:30
setupTelemetry/this._delayedInitTask<@resource://gre/modules/TelemetryControllerParent.sys.mjs:829:36
observe@resource://gre/modules/AsyncShutdown.sys.mjs:576:16

WARNING: A blocker encountered an error while we were waiting.
          Blocker:  Waiting for ping task
          Phase: TelemetryController: Waiting for pending ping activity
          State: (none)
WARNING: Error: Phase "profile-before-change" is finished, it is too late to register completion condition "OS.File: flush I/O queued before profileBeforeChange"
WARNING: addBlocker@resource://gre/modules/AsyncShutdown.sys.mjs:727:15
addBlocker@resource://gre/modules/AsyncShutdown.sys.mjs:523:26
addBlocker@resource://gre/modules/AsyncShutdown.sys.mjs:458:15
setupShutdown@resource://gre/modules/osfile/osfile_async_front.jsm:1548:28
@resource://gre/modules/osfile/osfile_async_front.jsm:1568:16
@resource://gre/modules/osfile.jsm:12:30
@resource://gre/modules/TelemetryStorage.sys.mjs:10:28
_checkPendingPings@resource://gre/modules/TelemetrySend.sys.mjs:863:17
setup@resource://gre/modules/TelemetrySend.sys.mjs:803:18
setup@resource://gre/modules/TelemetrySend.sys.mjs:241:30
setupTelemetry/this._delayedInitTask<@resource://gre/modules/TelemetryControllerParent.sys.mjs:829:36
observe@resource://gre/modules/AsyncShutdown.sys.mjs:576:16

WARNING: A blocker encountered an error while we were waiting.
          Blocker:  TelemetryController: shutting down
          Phase: profile-before-change-telemetry
          State: Error getting state: Error: Phase "profile-before-change" is finished, it is too late to register completion condition "OS.File: flush I/O queued before profileBeforeChange" at addBlocker@resource://gre/modules/AsyncShutdown.sys.mjs:727:15
addBlocker@resource://gre/modules/AsyncShutdown.sys.mjs:523:26
addBlocker@resource://gre/modules/AsyncShutdown.sys.mjs:458:15
setupShutdown@resource://gre/modules/osfile/osfile_async_front.jsm:1548:28
@resource://gre/modules/osfile/osfile_async_front.jsm:1568:16
@resource://gre/modules/osfile.jsm:12:30
@resource://gre/modules/TelemetryStorage.sys.mjs:10:28
_checkPendingPings@resource://gre/modules/TelemetrySend.sys.mjs:863:17
setup@resource://gre/modules/TelemetrySend.sys.mjs:803:18
setup@resource://gre/modules/TelemetrySend.sys.mjs:241:30
setupTelemetry/this._delayedInitTask<@resource://gre/modules/TelemetryControllerParent.sys.mjs:829:36
observe@resource://gre/modules/AsyncShutdown.sys.mjs:576:16

WARNING: Error: Phase "profile-before-change" is finished, it is too late to register completion condition "OS.File: flush I/O queued before profileBeforeChange"
WARNING: addBlocker@resource://gre/modules/AsyncShutdown.sys.mjs:727:15
addBlocker@resource://gre/modules/AsyncShutdown.sys.mjs:523:26
addBlocker@resource://gre/modules/AsyncShutdown.sys.mjs:458:15
setupShutdown@resource://gre/modules/osfile/osfile_async_front.jsm:1548:28
@resource://gre/modules/osfile/osfile_async_front.jsm:1568:16
@resource://gre/modules/osfile.jsm:12:30
@resource://gre/modules/TelemetryStorage.sys.mjs:10:28
_checkPendingPings@resource://gre/modules/TelemetrySend.sys.mjs:863:17
setup@resource://gre/modules/TelemetrySend.sys.mjs:803:18
setup@resource://gre/modules/TelemetrySend.sys.mjs:241:30
setupTelemetry/this._delayedInitTask<@resource://gre/modules/TelemetryControllerParent.sys.mjs:829:36
observe@resource://gre/modules/AsyncShutdown.sys.mjs:576:16

JavaScript error: resource://gre/modules/AsyncShutdown.sys.mjs, line 727: Error: Phase "profile-before-change" is finished, it is too late to register completion condition "OS.File: flush I/O queued before profileBeforeChange"
JavaScript error: resource://gre/modules/AsyncShutdown.sys.mjs, line 727: Error: Phase "profile-before-change" is finished, it is too late to register completion condition "OS.File: flush I/O queued before profileBeforeChange"
JavaScript error: resource://gre/modules/AsyncShutdown.sys.mjs, line 727: Error: Phase "profile-before-change" is finished, it is too late to register completion condition "OS.File: flush I/O queued before profileBeforeChange"
JavaScript error: resource://gre/modules/AsyncShutdown.sys.mjs, line 727: Error: Phase "profile-before-change" is finished, it is too late to register completion condition "OS.File: flush I/O queued before profileBeforeChange"
JavaScript error: resource://gre/modules/AsyncShutdown.sys.mjs, line 727: Error: Phase "profile-before-change" is finished, it is too late to register completion condition "OS.File: flush I/O queued before profileBeforeChange"
JavaScript error: resource://gre/modules/AsyncShutdown.sys.mjs, line 727: Error: Phase "profile-before-change" is finished, it is too late to register completion condition "OS.File: flush I/O queued before profileBeforeChange"
1676471032912	geckodriver	INFO	Listening on 127.0.0.1:52008
1676471035954	mozrunner::runner	INFO	Running command: "C:\\Program Files\\Mozilla Firefox\\firefox.exe" "--marionette" "--remote-debugging-port" "52009" "--remote-allow-hosts" "localhost" "-no-remote" "-profile" "C:\\Users\\45311\\AppData\\Local\\Temp\\rust_mozprofilems3VBx"
console.warn: services.settings: Ignoring preference override of remote settings server
console.warn: services.settings: Allow by setting MOZ_REMOTE_SETTINGS_DEVTOOLS=1 in the environment
1676471036235	Marionette	INFO	Marionette enabled
Dynamically enable window occlusion 0
1676471036240	Marionette	INFO	Listening on port 52018
Read port: 52018
WebDriver BiDi listening on ws://127.0.0.1:52009
1676471036362	RemoteAgent	WARN	TLS certificate errors will be ignored for this session
console.warn: SearchSettings: "get: No settings file exists, new profile?" (new NotFoundError("Could not open the file at C:\\Users\\45311\\AppData\\Local\\Temp\\rust_mozprofilems3VBx\\search.json.mozlz4", (void 0)))
DevTools listening on ws://127.0.0.1:52009/devtools/browser/c0cb87ec-5693-4237-97e8-50b06a49c46c
console.warn: LoginRecipes: "Falling back to a synchronous message for: https://consent.yahoo.com."
JavaScript warning: https://aka-cdn.adtechus.com/media/moat/adtechbrands092348fjlsmdhlwsl239fh3df/moatad.js#moatClientLevel1=5113&moatClientLevel2=374058&moatClientLevel3=0&moatClientLevel4=4869471&zMoatMaster=11100493&zMoatFlight=11101985&zMoatBanner=26888736&zURL=https&zMoatPlacementId=4869471&zMoatAdId=11101985&zMoatCreative=0&zMoatBannerID=3&zMoatCustomVisp=50&zMoatCustomVist=1000&zMoatIsAdvisGoal=0&zMoatEventUrl=https://6.ras.yahoo.com/adcount|2.0|5113.1|4869471|0|225|AdId=11101985;BnId=3;ct=3576022881;st=20659;adcid=1;itime=471045643;reqtype=5;guid=cjvvngthupqnt;;impref=16764710456002774;imprefseq=199572355792509531;imprefts=1676471045;adclntid=1004;spaceid=95993639;adposition=LDRB2;lmsid=;revshare=pt%253Autility%253Bsite%253Afinance%253Bver%253Aydotcom%253Bpct%253Aqsp%253Blu%253A0;pvid=3RcacDIxNy7J__eHY.zq_QR3ODUuMQAAAADVJN4d;sectionid=134942051;kvsecure%2Ddarla=4%2D10%2D1%7Cysd%7C1;kvsecure=true;kvrs=pt:utility:ver:site:lu:pct:ydotcom:finance:0:qsp;kvssp=ssp;kvmn=y408366;kvticker=aapl;kvy%2Dbucket=fd%2Dqsp%2Dseqmsg%2Dstickyfooter;kvpgcolo=ir2;kvadtc%5Fdvmktname=unknown;kvadtc%5Fdvosplt=windows%5F10;kvadtc%5Fdvbrand=mozilla;kvadtc%5Fdvtype=desktop;kvadtc%5Fdvmodel=firefox%5F%2D%5Fwindows;kvrepo%5Fdvosplt=windows%5F10;kvadtc%5Fdvosversion=NT%2010%2E0;kvadtc%5Fcrmcc=UNKNOWN;kvadtc%5Fcrmnc=UNKNOWN;gdpr=1;euconsent=CPnOUUAPnOUUAAOACBDAC3CoAP_AAEfAACiQJMtd_H__bX9v-f7_6ft0eY1f9_rz7uQzDhfNk-4F3L_W_LwX_2E7NF36tq4KmR4ku1LBIUNtHMnUDVmxaokVrzHsak2cpTNKJ_BkknsZe2dYGF5vm5tj-QKZ5v5_d3f52T_9_9v-39z33913v3d93-_12PjdU5_9H_v_fR_b8_Kf9_7-_4v8_9_rs3_e______9v__4JMgEmGrcQBdiWOBNoGEUCIEYVhIRQKACCgGFogIAHBwU7KwCfWESABAKAIwIgQ4AowIBAAABAEhEAEgRYIAAARAIAAQAIBEIACBgEFABYGAQAAgGgYohQACBIAZEBEUpgQEQJBAS2VCCUF0hphAFWWAFAIjYKABEAAArAAEBYOAYIkBKxYIEmINogBGAFAKJUK1BJ6YAYaADAAEEmREAGAAIJMioAMAAQSZA;&zMoatSize=225&zMoatSubNetID=1&zMoatisSelected=0&zMoatadServer=us-pg.ras.yahoo.com&zMoatadVisServer=&zMoatSamplingRate=5&zMoatliveTestCookie=&zMoatRefSeqId=bpBAOAgBFLA&zMoatImpRefTs=1676471045&zMoatAlias=y408366&zMoatVert=&zMoatBannerInfo=498041662, line 265: WEBGL_debug_renderer_info is deprecated in Firefox and will be removed. Please use RENDERER.
JavaScript warning: https://aka-cdn.adtechus.com/media/moat/adtechbrands092348fjlsmdhlwsl239fh3df/moatad.js#moatClientLevel1=5113&moatClientLevel2=374058&moatClientLevel3=0&moatClientLevel4=4869469&zMoatMaster=11100493&zMoatFlight=11101939&zMoatBanner=26888735&zURL=https&zMoatPlacementId=4869469&zMoatAdId=11101939&zMoatCreative=0&zMoatBannerID=2&zMoatCustomVisp=50&zMoatCustomVist=1000&zMoatIsAdvisGoal=0&zMoatEventUrl=https://6.ras.yahoo.com/adcount|2.0|5113.1|4869469|0|225|AdId=11101939;BnId=2;ct=3576022881;st=17979;adcid=1;itime=471045638;reqtype=5;guid=cjvvngthupqnt;;impref=16764710456002763;imprefseq=199572355792509528;imprefts=1676471045;adclntid=1004;spaceid=95993639;adposition=LDRB;lmsid=;revshare=pt%253Autility%253Bsite%253Afinance%253Bver%253Aydotcom%253Bpct%253Aqsp%253Blu%253A0;pvid=3RcacDIxNy7J__eHY.zq_QR3ODUuMQAAAADVJN4d;sectionid=134942051;kvsecure%2Ddarla=4%2D10%2D1%7Cysd%7C1;kvsecure=true;kvrs=pt:utility:ver:site:lu:pct:ydotcom:finance:0:qsp;kvssp=ssp;kvmn=y408365;kvticker=aapl;kvy%2Dbucket=fd%2Dqsp%2Dseqmsg%2Dstickyfooter;kvpgcolo=ir2;kvadtc%5Fdvmktname=unknown;kvadtc%5Fdvosplt=windows%5F10;kvadtc%5Fdvbrand=mozilla;kvadtc%5Fdvtype=desktop;kvadtc%5Fdvmodel=firefox%5F%2D%5Fwindows;kvrepo%5Fdvosplt=windows%5F10;kvadtc%5Fdvosversion=NT%2010%2E0;kvadtc%5Fcrmcc=UNKNOWN;kvadtc%5Fcrmnc=UNKNOWN;gdpr=1;euconsent=CPnOUUAPnOUUAAOACBDAC3CoAP_AAEfAACiQJMtd_H__bX9v-f7_6ft0eY1f9_rz7uQzDhfNk-4F3L_W_LwX_2E7NF36tq4KmR4ku1LBIUNtHMnUDVmxaokVrzHsak2cpTNKJ_BkknsZe2dYGF5vm5tj-QKZ5v5_d3f52T_9_9v-39z33913v3d93-_12PjdU5_9H_v_fR_b8_Kf9_7-_4v8_9_rs3_e______9v__4JMgEmGrcQBdiWOBNoGEUCIEYVhIRQKACCgGFogIAHBwU7KwCfWESABAKAIwIgQ4AowIBAAABAEhEAEgRYIAAARAIAAQAIBEIACBgEFABYGAQAAgGgYohQACBIAZEBEUpgQEQJBAS2VCCUF0hphAFWWAFAIjYKABEAAArAAEBYOAYIkBKxYIEmINogBGAFAKJUK1BJ6YAYaADAAEEmREAGAAIJMioAMAAQSZA;&zMoatSize=225&zMoatSubNetID=1&zMoatisSelected=0&zMoatadServer=us-pg.ras.yahoo.com&zMoatadVisServer=&zMoatSamplingRate=5&zMoatliveTestCookie=&zMoatRefSeqId=YpBAOAgBFLA&zMoatImpRefTs=1676471045&zMoatAlias=y408365&zMoatVert=&zMoatBannerInfo=498041664, line 265: WEBGL_debug_renderer_info is deprecated in Firefox and will be removed. Please use RENDERER.
JavaScript warning: https://aka-cdn.adtechus.com/media/moat/adtechbrands092348fjlsmdhlwsl239fh3df/moatad.js#moatClientLevel1=5113&moatClientLevel2=374058&moatClientLevel3=0&moatClientLevel4=4869465&zMoatMaster=11100493&zMoatFlight=11101861&zMoatBanner=26888708&zURL=https&zMoatPlacementId=4869465&zMoatAdId=11101861&zMoatCreative=0&zMoatBannerID=2&zMoatCustomVisp=50&zMoatCustomVist=1000&zMoatIsAdvisGoal=0&zMoatEventUrl=https://6.ras.yahoo.com/adcount|2.0|5113.1|4869465|0|170|AdId=11101861;BnId=2;ct=3576022881;st=23636;adcid=1;itime=471045646;reqtype=5;guid=cjvvngthupqnt;;impref=16764710456002788;imprefseq=199572355792509534;imprefts=1676471045;adclntid=1004;spaceid=95993639;adposition=LREC;lmsid=;revshare=pt%253Autility%253Bsite%253Afinance%253Bver%253Aydotcom%253Bpct%253Aqsp%253Blu%253A0;pvid=3RcacDIxNy7J__eHY.zq_QR3ODUuMQAAAADVJN4d;sectionid=134942051;kvsecure%2Ddarla=4%2D10%2D1%7Cysd%7C1;kvsecure=true;kvrs=pt:utility:ver:site:lu:pct:ydotcom:finance:0:qsp;kvssp=ssp;kvmn=y408362;kvticker=aapl;kvy%2Dbucket=fd%2Dqsp%2Dseqmsg%2Dstickyfooter;kvpgcolo=ir2;kvadtc%5Fdvmktname=unknown;kvadtc%5Fdvosplt=windows%5F10;kvadtc%5Fdvbrand=mozilla;kvadtc%5Fdvtype=desktop;kvadtc%5Fdvmodel=firefox%5F%2D%5Fwindows;kvrepo%5Fdvosplt=windows%5F10;kvadtc%5Fdvosversion=NT%2010%2E0;kvadtc%5Fcrmcc=UNKNOWN;kvadtc%5Fcrmnc=UNKNOWN;gdpr=1;euconsent=CPnOUUAPnOUUAAOACBDAC3CoAP_AAEfAACiQJMtd_H__bX9v-f7_6ft0eY1f9_rz7uQzDhfNk-4F3L_W_LwX_2E7NF36tq4KmR4ku1LBIUNtHMnUDVmxaokVrzHsak2cpTNKJ_BkknsZe2dYGF5vm5tj-QKZ5v5_d3f52T_9_9v-39z33913v3d93-_12PjdU5_9H_v_fR_b8_Kf9_7-_4v8_9_rs3_e______9v__4JMgEmGrcQBdiWOBNoGEUCIEYVhIRQKACCgGFogIAHBwU7KwCfWESABAKAIwIgQ4AowIBAAABAEhEAEgRYIAAARAIAAQAIBEIACBgEFABYGAQAAgGgYohQACBIAZEBEUpgQEQJBAS2VCCUF0hphAFWWAFAIjYKABEAAArAAEBYOAYIkBKxYIEmINogBGAFAKJUK1BJ6YAYaADAAEEmREAGAAIJMioAMAAQSZA;&zMoatSize=170&zMoatSubNetID=1&zMoatisSelected=0&zMoatadServer=us-pg.ras.yahoo.com&zMoatadVisServer=&zMoatSamplingRate=5&zMoatliveTestCookie=&zMoatRefSeqId=epBAOAgBFLA&zMoatImpRefTs=1676471045&zMoatAlias=y408362&zMoatVert=&zMoatBannerInfo=498041666, line 265: WEBGL_debug_renderer_info is deprecated in Firefox and will be removed. Please use RENDERER.
JavaScript warning: https://pagead2.googlesyndication.com/bg/6-mBnbZZAXMPHT3hzvxeUCpCwb2zquUgwTdAFaKOTjQ.js line 2 > eval line 2360 > eval line 1 > eval line 1 > eval, line 1: WEBGL_debug_renderer_info is deprecated in Firefox and will be removed. Please use RENDERER.
JavaScript warning: https://pagead2.googlesyndication.com/bg/6-mBnbZZAXMPHT3hzvxeUCpCwb2zquUgwTdAFaKOTjQ.js line 2 > eval line 3 > eval line 1 > eval line 1 > eval, line 1: WEBGL_debug_renderer_info is deprecated in Firefox and will be removed. Please use RENDERER.
JavaScript warning: https://pagead2.googlesyndication.com/bg/6-mBnbZZAXMPHT3hzvxeUCpCwb2zquUgwTdAFaKOTjQ.js line 2 > eval line 1513 > eval line 1 > eval line 1 > eval, line 1: WEBGL_debug_renderer_info is deprecated in Firefox and will be removed. Please use RENDERER.
JavaScript warning: https://pagead2.googlesyndication.com/bg/6-mBnbZZAXMPHT3hzvxeUCpCwb2zquUgwTdAFaKOTjQ.js line 2 > eval line 302 > eval line 1 > eval line 1 > eval, line 1: WEBGL_debug_renderer_info is deprecated in Firefox and will be removed. Please use RENDERER.
1676471060151	Marionette	INFO	Stopped listening on port 52018
Dynamically enable window occlusion 1
JavaScript error: https://cdn.js7k.com/ix/talon-1.0.40.js, line 1: InvalidStateError: Permissions.query: The document is not fully active.
JavaScript warning: https://cdn.js7k.com/ix/talon-1.0.40.js, line 1: WEBGL_debug_renderer_info is deprecated in Firefox and will be removed. Please use RENDERER.
JavaScript warning: https://cdn.js7k.com/ix/talon-1.0.40.js, line 1: WEBGL_debug_renderer_info is deprecated in Firefox and will be removed. Please use RENDERER.
JavaScript warning: https://cdn.js7k.com/ix/talon-1.0.40.js, line 1: WEBGL_debug_renderer_info is deprecated in Firefox and will be removed. Please use RENDERER.
WARNING: A blocker encountered an error while we were waiting.
          Blocker:  Waiting for ping task
          Phase: TelemetryController: Waiting for pending ping activity
          State: (none)
WARNING: Error: Phase "profile-before-change" is finished, it is too late to register completion condition "OS.File: flush I/O queued before profileBeforeChange"
WARNING: addBlocker@resource://gre/modules/AsyncShutdown.sys.mjs:727:15
addBlocker@resource://gre/modules/AsyncShutdown.sys.mjs:523:26
addBlocker@resource://gre/modules/AsyncShutdown.sys.mjs:458:15
setupShutdown@resource://gre/modules/osfile/osfile_async_front.jsm:1548:28
@resource://gre/modules/osfile/osfile_async_front.jsm:1568:16
@resource://gre/modules/osfile.jsm:12:30
@resource://gre/modules/TelemetryStorage.sys.mjs:10:28
_checkPendingPings@resource://gre/modules/TelemetrySend.sys.mjs:863:17
setup@resource://gre/modules/TelemetrySend.sys.mjs:803:18
setup@resource://gre/modules/TelemetrySend.sys.mjs:241:30
setupTelemetry/this._delayedInitTask<@resource://gre/modules/TelemetryControllerParent.sys.mjs:829:36
observe@resource://gre/modules/AsyncShutdown.sys.mjs:576:16

WARNING: A blocker encountered an error while we were waiting.
          Blocker:  Waiting for ping task
          Phase: TelemetryController: Waiting for pending ping activity
          State: (none)
WARNING: Error: Phase "profile-before-change" is finished, it is too late to register completion condition "OS.File: flush I/O queued before profileBeforeChange"
WARNING: addBlocker@resource://gre/modules/AsyncShutdown.sys.mjs:727:15
addBlocker@resource://gre/modules/AsyncShutdown.sys.mjs:523:26
addBlocker@resource://gre/modules/AsyncShutdown.sys.mjs:458:15
setupShutdown@resource://gre/modules/osfile/osfile_async_front.jsm:1548:28
@resource://gre/modules/osfile/osfile_async_front.jsm:1568:16
@resource://gre/modules/osfile.jsm:12:30
@resource://gre/modules/TelemetryStorage.sys.mjs:10:28
_checkPendingPings@resource://gre/modules/TelemetrySend.sys.mjs:863:17
setup@resource://gre/modules/TelemetrySend.sys.mjs:803:18
setup@resource://gre/modules/TelemetrySend.sys.mjs:241:30
setupTelemetry/this._delayedInitTask<@resource://gre/modules/TelemetryControllerParent.sys.mjs:829:36
observe@resource://gre/modules/AsyncShutdown.sys.mjs:576:16

WARNING: A blocker encountered an error while we were waiting.
          Blocker:  Waiting for ping task
          Phase: TelemetryController: Waiting for pending ping activity
          State: (none)
WARNING: Error: Phase "profile-before-change" is finished, it is too late to register completion condition "OS.File: flush I/O queued before profileBeforeChange"
WARNING: addBlocker@resource://gre/modules/AsyncShutdown.sys.mjs:727:15
addBlocker@resource://gre/modules/AsyncShutdown.sys.mjs:523:26
addBlocker@resource://gre/modules/AsyncShutdown.sys.mjs:458:15
setupShutdown@resource://gre/modules/osfile/osfile_async_front.jsm:1548:28
@resource://gre/modules/osfile/osfile_async_front.jsm:1568:16
@resource://gre/modules/osfile.jsm:12:30
@resource://gre/modules/TelemetryStorage.sys.mjs:10:28
_checkPendingPings@resource://gre/modules/TelemetrySend.sys.mjs:863:17
setup@resource://gre/modules/TelemetrySend.sys.mjs:803:18
setup@resource://gre/modules/TelemetrySend.sys.mjs:241:30
setupTelemetry/this._delayedInitTask<@resource://gre/modules/TelemetryControllerParent.sys.mjs:829:36
observe@resource://gre/modules/AsyncShutdown.sys.mjs:576:16

WARNING: A blocker encountered an error while we were waiting.
          Blocker:  TelemetryController: shutting down
          Phase: profile-before-change-telemetry
          State: Error getting state: Error: Phase "profile-before-change" is finished, it is too late to register completion condition "OS.File: flush I/O queued before profileBeforeChange" at addBlocker@resource://gre/modules/AsyncShutdown.sys.mjs:727:15
addBlocker@resource://gre/modules/AsyncShutdown.sys.mjs:523:26
addBlocker@resource://gre/modules/AsyncShutdown.sys.mjs:458:15
setupShutdown@resource://gre/modules/osfile/osfile_async_front.jsm:1548:28
@resource://gre/modules/osfile/osfile_async_front.jsm:1568:16
@resource://gre/modules/osfile.jsm:12:30
@resource://gre/modules/TelemetryStorage.sys.mjs:10:28
_checkPendingPings@resource://gre/modules/TelemetrySend.sys.mjs:863:17
setup@resource://gre/modules/TelemetrySend.sys.mjs:803:18
setup@resource://gre/modules/TelemetrySend.sys.mjs:241:30
setupTelemetry/this._delayedInitTask<@resource://gre/modules/TelemetryControllerParent.sys.mjs:829:36
observe@resource://gre/modules/AsyncShutdown.sys.mjs:576:16

WARNING: Error: Phase "profile-before-change" is finished, it is too late to register completion condition "OS.File: flush I/O queued before profileBeforeChange"
WARNING: addBlocker@resource://gre/modules/AsyncShutdown.sys.mjs:727:15
addBlocker@resource://gre/modules/AsyncShutdown.sys.mjs:523:26
addBlocker@resource://gre/modules/AsyncShutdown.sys.mjs:458:15
setupShutdown@resource://gre/modules/osfile/osfile_async_front.jsm:1548:28
@resource://gre/modules/osfile/osfile_async_front.jsm:1568:16
@resource://gre/modules/osfile.jsm:12:30
@resource://gre/modules/TelemetryStorage.sys.mjs:10:28
_checkPendingPings@resource://gre/modules/TelemetrySend.sys.mjs:863:17
setup@resource://gre/modules/TelemetrySend.sys.mjs:803:18
setup@resource://gre/modules/TelemetrySend.sys.mjs:241:30
setupTelemetry/this._delayedInitTask<@resource://gre/modules/TelemetryControllerParent.sys.mjs:829:36
observe@resource://gre/modules/AsyncShutdown.sys.mjs:576:16

JavaScript error: resource://gre/modules/AsyncShutdown.sys.mjs, line 727: Error: Phase "profile-before-change" is finished, it is too late to register completion condition "OS.File: flush I/O queued before profileBeforeChange"
JavaScript error: resource://gre/modules/AsyncShutdown.sys.mjs, line 727: Error: Phase "profile-before-change" is finished, it is too late to register completion condition "OS.File: flush I/O queued before profileBeforeChange"
JavaScript error: resource://gre/modules/AsyncShutdown.sys.mjs, line 727: Error: Phase "profile-before-change" is finished, it is too late to register completion condition "OS.File: flush I/O queued before profileBeforeChange"
JavaScript error: resource://gre/modules/AsyncShutdown.sys.mjs, line 727: Error: Phase "profile-before-change" is finished, it is too late to register completion condition "OS.File: flush I/O queued before profileBeforeChange"
JavaScript error: resource://gre/modules/AsyncShutdown.sys.mjs, line 727: Error: Phase "profile-before-change" is finished, it is too late to register completion condition "OS.File: flush I/O queued before profileBeforeChange"
JavaScript error: resource://gre/modules/AsyncShutdown.sys.mjs, line 727: Error: Phase "profile-before-change" is finished, it is too late to register completion condition "OS.File: flush I/O queued before profileBeforeChange"
